TN:
SF:src\App.jsx
FN:11,App
FN:13,(anonymous_1)
FNF:2
FNH:0
FNDA:0,App
FNDA:0,(anonymous_1)
DA:13,0
DA:15,0
LF:2
LH:0
BRDA:27,0,0,0
BRDA:27,0,1,0
BRDA:31,1,0,0
BRDA:31,1,1,0
BRF:4
BRH:0
end_of_record
TN:
SF:src\components\DeleteConfirmationModal.jsx
FN:3,DeleteConfirmationModal
FNF:1
FNH:0
FNDA:0,DeleteConfirmationModal
DA:5,0
DA:7,0
LF:2
LH:0
BRDA:5,0,0,0
BRDA:5,0,1,0
BRDA:32,1,0,0
BRDA:32,1,1,0
BRF:4
BRH:0
end_of_record
TN:
SF:src\components\Footer.jsx
FN:3,Footer
FNF:1
FNH:0
FNDA:0,Footer
DA:4,0
LF:1
LH:0
BRF:0
BRH:0
end_of_record
TN:
SF:src\components\Header.jsx
FN:6,Header
FN:10,(anonymous_1)
FN:12,(anonymous_2)
FNF:3
FNH:3
FNDA:6,Header
FNDA:11,(anonymous_1)
FNDA:1,(anonymous_2)
DA:8,6
DA:9,6
DA:10,11
DA:12,6
DA:13,1
DA:14,1
DA:17,6
LF:7
LH:7
BRDA:34,0,0,2
BRDA:34,0,1,4
BRF:2
BRH:2
end_of_record
TN:
SF:src\components\ProtectedRoute.jsx
FN:4,ProtectedRoute
FN:6,(anonymous_1)
FNF:2
FNH:0
FNDA:0,ProtectedRoute
FNDA:0,(anonymous_1)
DA:6,0
DA:8,0
DA:9,0
DA:12,0
LF:4
LH:0
BRDA:8,0,0,0
BRDA:8,0,1,0
BRDA:8,1,0,0
BRDA:8,1,1,0
BRF:4
BRH:0
end_of_record
TN:
SF:src\components\TaskCard.jsx
FN:5,TaskCard
FN:17,(anonymous_1)
FN:45,(anonymous_2)
FN:51,(anonymous_3)
FN:71,(anonymous_4)
FN:83,(anonymous_5)
FN:91,(anonymous_6)
FN:101,(anonymous_7)
FNF:8
FNH:2
FNDA:7,TaskCard
FNDA:0,(anonymous_1)
FNDA:0,(anonymous_2)
FNDA:0,(anonymous_3)
FNDA:1,(anonymous_4)
FNDA:0,(anonymous_5)
FNDA:0,(anonymous_6)
FNDA:0,(anonymous_7)
DA:7,7
DA:8,7
DA:10,7
DA:11,1
DA:17,0
DA:45,0
DA:51,0
DA:63,6
DA:71,1
DA:83,0
DA:92,0
DA:93,0
DA:102,0
DA:103,0
LF:14
LH:6
BRDA:5,0,0,5
BRDA:10,1,0,1
BRDA:10,1,1,6
BRDA:13,2,0,0
BRDA:13,2,1,1
BRDA:19,3,0,0
BRDA:19,3,1,1
BRDA:24,4,0,0
BRDA:24,4,1,1
BRDA:28,5,0,0
BRDA:28,5,1,1
BRDA:31,6,0,1
BRDA:31,6,1,1
BRDA:36,7,0,1
BRDA:36,7,1,0
BRDA:65,8,0,2
BRDA:65,8,1,4
BRDA:73,9,0,2
BRDA:73,9,1,4
BRDA:78,10,0,2
BRDA:78,10,1,4
BRDA:88,11,0,6
BRDA:88,11,1,0
BRDA:118,12,0,2
BRDA:118,12,1,4
BRDA:121,13,0,6
BRDA:121,13,1,5
BRDA:122,14,0,2
BRDA:122,14,1,3
BRDA:130,15,0,0
BRDA:130,15,1,6
BRDA:140,16,0,2
BRDA:140,16,1,4
BRDA:144,17,0,2
BRDA:144,17,1,4
BRF:35
BRH:28
end_of_record
TN:
SF:src\components\TaskModal.jsx
FN:9,TaskModal
FN:28,(anonymous_1)
FN:38,(anonymous_2)
FNF:3
FNH:2
FNDA:30,TaskModal
FNDA:12,(anonymous_1)
FNDA:0,(anonymous_2)
DA:11,30
DA:12,30
DA:19,30
DA:28,30
DA:29,12
DA:30,2
DA:38,30
DA:39,0
DA:40,0
DA:41,0
DA:43,0
DA:45,0
DA:51,30
LF:13
LH:8
BRDA:22,0,0,30
BRDA:22,0,1,26
BRDA:23,1,0,30
BRDA:23,1,1,26
BRDA:24,2,0,30
BRDA:24,2,1,26
BRDA:29,3,0,2
BRDA:29,3,1,10
BRDA:32,4,0,2
BRDA:32,4,1,0
BRDA:40,5,0,0
BRDA:40,5,1,0
BRDA:58,6,0,4
BRDA:58,6,1,26
BRDA:82,7,0,30
BRDA:82,7,1,2
BRDA:98,8,0,30
BRDA:98,8,1,1
BRDA:115,9,0,30
BRDA:115,9,1,0
BRDA:134,10,0,3
BRDA:134,10,1,27
BRDA:141,11,0,4
BRDA:141,11,1,23
BRDA:142,12,0,4
BRDA:142,12,1,23
BRF:26
BRH:22
end_of_record
TN:
SF:src\pages\Dashboard.jsx
FN:9,Dashboard
FN:12,(anonymous_1)
FN:13,(anonymous_2)
FN:21,(anonymous_3)
FN:25,(anonymous_4)
FN:30,(anonymous_5)
FN:35,(anonymous_6)
FN:40,(anonymous_7)
FN:41,(anonymous_8)
FN:46,(anonymous_9)
FN:54,(anonymous_10)
FN:59,(anonymous_11)
FN:60,(anonymous_12)
FN:61,(anonymous_13)
FN:97,(anonymous_14)
FN:115,(anonymous_15)
FN:118,(anonymous_16)
FN:139,(anonymous_17)
FN:145,(anonymous_18)
FN:162,(anonymous_19)
FNF:20
FNH:0
FNDA:0,Dashboard
FNDA:0,(anonymous_1)
FNDA:0,(anonymous_2)
FNDA:0,(anonymous_3)
FNDA:0,(anonymous_4)
FNDA:0,(anonymous_5)
FNDA:0,(anonymous_6)
FNDA:0,(anonymous_7)
FNDA:0,(anonymous_8)
FNDA:0,(anonymous_9)
FNDA:0,(anonymous_10)
FNDA:0,(anonymous_11)
FNDA:0,(anonymous_12)
FNDA:0,(anonymous_13)
FNDA:0,(anonymous_14)
FNDA:0,(anonymous_15)
FNDA:0,(anonymous_16)
FNDA:0,(anonymous_17)
FNDA:0,(anonymous_18)
FNDA:0,(anonymous_19)
DA:11,0
DA:12,0
DA:13,0
DA:14,0
DA:15,0
DA:16,0
DA:17,0
DA:18,0
DA:19,0
DA:21,0
DA:22,0
DA:25,0
DA:26,0
DA:27,0
DA:30,0
DA:31,0
DA:32,0
DA:35,0
DA:36,0
DA:37,0
DA:40,0
DA:41,0
DA:42,0
DA:43,0
DA:46,0
DA:47,0
DA:48,0
DA:49,0
DA:50,0
DA:54,0
DA:55,0
DA:56,0
DA:59,0
DA:60,0
DA:61,0
DA:63,0
DA:69,0
DA:98,0
DA:116,0
DA:118,0
DA:139,0
DA:145,0
DA:163,0
LF:43
LH:0
BRDA:47,0,0,0
BRDA:47,0,1,0
BRDA:59,1,0,0
BRDA:59,1,1,0
BRDA:120,2,0,0
BRDA:120,2,1,0
BRDA:128,3,0,0
BRDA:128,3,1,0
BRDA:140,4,0,0
BRDA:140,4,1,0
BRDA:146,5,0,0
BRDA:146,5,1,0
BRDA:155,6,0,0
BRDA:155,6,1,0
BRDA:160,7,0,0
BRDA:160,7,1,0
BRDA:161,8,0,0
BRDA:161,8,1,0
BRDA:177,9,0,0
BRDA:177,9,1,0
BRDA:179,10,0,0
BRDA:179,10,1,0
BRDA:181,11,0,0
BRDA:181,11,1,0
BRDA:195,12,0,0
BRDA:195,12,1,0
BRF:26
BRH:0
end_of_record
TN:
SF:src\pages\Home.jsx
FN:4,Home
FN:53,(anonymous_1)
FN:95,(anonymous_2)
FNF:3
FNH:0
FNDA:0,Home
FNDA:0,(anonymous_1)
FNDA:0,(anonymous_2)
DA:5,0
DA:54,0
DA:96,0
LF:3
LH:0
BRF:0
BRH:0
end_of_record
TN:
SF:src\pages\SignIn.jsx
FN:10,SignIn
FN:13,(anonymous_1)
FN:23,(anonymous_2)
FN:29,(anonymous_3)
FN:30,(anonymous_4)
FN:35,(anonymous_5)
FNF:6
FNH:5
FNDA:19,SignIn
FNDA:27,(anonymous_1)
FNDA:8,(anonymous_2)
FNDA:8,(anonymous_3)
FNDA:8,(anonymous_4)
FNDA:0,(anonymous_5)
DA:11,19
DA:12,19
DA:13,27
DA:19,19
DA:23,19
DA:24,8
DA:25,0
DA:29,19
DA:30,8
DA:31,8
DA:35,19
DA:36,0
DA:39,19
LF:13
LH:11
BRDA:24,0,0,0
BRDA:24,0,1,8
BRDA:70,1,0,19
BRDA:70,1,1,0
BRDA:91,2,0,19
BRDA:91,2,1,2
BRDA:97,3,0,19
BRDA:97,3,1,0
BRDA:109,4,0,2
BRDA:109,4,1,17
BRF:10
BRH:7
end_of_record
TN:
SF:src\pages\SignUp.jsx
FN:10,SignUp
FN:13,(anonymous_1)
FN:23,(anonymous_2)
FN:29,(anonymous_3)
FN:30,(anonymous_4)
FN:35,(anonymous_5)
FNF:6
FNH:5
FNDA:23,SignUp
FNDA:32,(anonymous_1)
FNDA:9,(anonymous_2)
FNDA:9,(anonymous_3)
FNDA:9,(anonymous_4)
FNDA:0,(anonymous_5)
DA:11,23
DA:12,23
DA:13,32
DA:19,23
DA:23,23
DA:24,9
DA:25,0
DA:29,23
DA:30,9
DA:31,9
DA:35,23
DA:36,0
DA:39,23
LF:13
LH:11
BRDA:24,0,0,0
BRDA:24,0,1,9
BRDA:70,1,0,23
BRDA:70,1,1,4
BRDA:91,2,0,23
BRDA:91,2,1,0
BRDA:110,3,0,23
BRDA:110,3,1,3
BRDA:116,4,0,23
BRDA:116,4,1,0
BRDA:128,5,0,2
BRDA:128,5,1,21
BRF:12
BRH:9
end_of_record
TN:
SF:src\redux\store.js
FN:23,(anonymous_0)
FNF:1
FNH:0
FNDA:0,(anonymous_0)
DA:7,0
DA:12,0
DA:19,0
DA:21,0
DA:24,0
DA:29,0
LF:6
LH:0
BRF:0
BRH:0
end_of_record
TN:
SF:src\redux\task\taskSlice.js
FN:12,(anonymous_0)
FN:26,(anonymous_1)
FN:40,(anonymous_2)
FN:54,(anonymous_3)
FN:76,(anonymous_4)
FN:80,(anonymous_5)
FN:83,(anonymous_6)
FN:87,(anonymous_7)
FN:92,(anonymous_8)
FN:97,(anonymous_9)
FN:101,(anonymous_10)
FN:106,(anonymous_11)
FN:111,(anonymous_12)
FN:115,(anonymous_13)
FN:118,(anonymous_14)
FN:125,(anonymous_15)
FN:130,(anonymous_16)
FN:134,(anonymous_17)
FN:136,(anonymous_18)
FN:139,(anonymous_19)
FNF:20
FNH:1
FNDA:0,(anonymous_0)
FNDA:0,(anonymous_1)
FNDA:0,(anonymous_2)
FNDA:0,(anonymous_3)
FNDA:0,(anonymous_4)
FNDA:1,(anonymous_5)
FNDA:0,(anonymous_6)
FNDA:0,(anonymous_7)
FNDA:0,(anonymous_8)
FNDA:0,(anonymous_9)
FNDA:0,(anonymous_10)
FNDA:0,(anonymous_11)
FNDA:0,(anonymous_12)
FNDA:0,(anonymous_13)
FNDA:0,(anonymous_14)
FNDA:0,(anonymous_15)
FNDA:0,(anonymous_16)
FNDA:0,(anonymous_17)
FNDA:0,(anonymous_18)
FNDA:0,(anonymous_19)
DA:10,1
DA:13,0
DA:14,0
DA:15,0
DA:17,0
DA:24,1
DA:27,0
DA:28,0
DA:29,0
DA:31,0
DA:38,1
DA:41,0
DA:42,0
DA:43,0
DA:45,0
DA:52,1
DA:55,0
DA:56,0
DA:57,0
DA:59,0
DA:66,1
DA:72,1
DA:77,0
DA:81,1
DA:84,0
DA:85,0
DA:88,0
DA:89,0
DA:90,0
DA:93,0
DA:94,0
DA:98,0
DA:99,0
DA:102,0
DA:103,0
DA:104,0
DA:107,0
DA:108,0
DA:112,0
DA:113,0
DA:116,0
DA:117,0
DA:118,0
DA:120,0
DA:121,0
DA:123,0
DA:126,0
DA:127,0
DA:131,0
DA:132,0
DA:135,0
DA:136,0
DA:137,0
DA:140,0
DA:141,0
DA:146,1
LF:56
LH:8
BRDA:18,0,0,0
BRDA:18,0,1,0
BRDA:32,1,0,0
BRDA:32,1,1,0
BRDA:46,2,0,0
BRDA:46,2,1,0
BRDA:60,3,0,0
BRDA:60,3,1,0
BRDA:120,4,0,0
BRDA:120,4,1,0
BRF:10
BRH:0
end_of_record
TN:
SF:src\redux\user\userSlice.js
FN:7,(anonymous_0)
FN:25,(anonymous_1)
FN:52,(anonymous_2)
FN:58,(anonymous_3)
FN:61,(anonymous_4)
FN:66,(anonymous_5)
FN:69,(anonymous_6)
FN:73,(anonymous_7)
FN:79,(anonymous_8)
FN:84,(anonymous_9)
FN:88,(anonymous_10)
FN:94,(anonymous_11)
FNF:12
FNH:4
FNDA:0,(anonymous_0)
FNDA:0,(anonymous_1)
FNDA:1,(anonymous_2)
FNDA:17,(anonymous_3)
FNDA:2,(anonymous_4)
FNDA:3,(anonymous_5)
FNDA:0,(anonymous_6)
FNDA:0,(anonymous_7)
FNDA:0,(anonymous_8)
FNDA:0,(anonymous_9)
FNDA:0,(anonymous_10)
FNDA:0,(anonymous_11)
DA:5,3
DA:8,0
DA:9,0
DA:11,0
DA:12,0
DA:14,0
DA:16,0
DA:23,3
DA:26,0
DA:27,0
DA:29,0
DA:30,0
DA:32,0
DA:34,0
DA:41,3
DA:48,3
DA:53,1
DA:54,1
DA:55,1
DA:56,1
DA:59,17
DA:62,2
DA:63,2
DA:67,3
DA:70,0
DA:71,0
DA:74,0
DA:75,0
DA:76,0
DA:77,0
DA:80,0
DA:81,0
DA:85,0
DA:86,0
DA:89,0
DA:90,0
DA:91,0
DA:92,0
DA:95,0
DA:96,0
DA:101,3
LF:41
LH:13
BRDA:11,0,0,0
BRDA:11,0,1,0
BRDA:17,1,0,0
BRDA:17,1,1,0
BRDA:29,2,0,0
BRDA:29,2,1,0
BRDA:35,3,0,0
BRDA:35,3,1,0
BRF:8
BRH:0
end_of_record
TN:
SF:src\services\authService.js
FN:3,(anonymous_0)
FN:8,(anonymous_1)
FNF:2
FNH:0
FNDA:0,(anonymous_0)
FNDA:0,(anonymous_1)
DA:3,1
DA:4,0
DA:5,0
DA:8,1
DA:9,0
DA:10,0
LF:6
LH:2
BRF:0
BRH:0
end_of_record
TN:
SF:src\services\taskService.js
FN:3,(anonymous_0)
FN:8,(anonymous_1)
FN:13,(anonymous_2)
FN:18,(anonymous_3)
FNF:4
FNH:0
FNDA:0,(anonymous_0)
FNDA:0,(anonymous_1)
FNDA:0,(anonymous_2)
FNDA:0,(anonymous_3)
DA:3,0
DA:4,0
DA:5,0
DA:8,0
DA:9,0
DA:10,0
DA:13,0
DA:14,0
DA:15,0
DA:18,0
DA:19,0
DA:20,0
LF:12
LH:0
BRF:0
BRH:0
end_of_record
TN:
SF:src\utils\api.js
FN:15,(anonymous_0)
FN:22,(anonymous_1)
FN:29,(anonymous_2)
FN:30,(anonymous_3)
FNF:4
FNH:0
FNDA:0,(anonymous_0)
FNDA:0,(anonymous_1)
FNDA:0,(anonymous_2)
FNDA:0,(anonymous_3)
DA:3,1
DA:6,1
DA:14,1
DA:16,0
DA:17,0
DA:18,0
DA:20,0
DA:23,0
DA:28,1
DA:29,0
DA:31,0
DA:33,0
DA:34,0
DA:36,0
LF:14
LH:4
BRDA:17,0,0,0
BRDA:17,0,1,0
BRDA:31,1,0,0
BRDA:31,1,1,0
BRF:4
BRH:0
end_of_record
TN:
SF:src\utils\validationSchemas.js
FNF:0
FNH:0
DA:3,4
DA:18,4
DA:23,4
LF:3
LH:3
BRF:0
BRH:0
end_of_record
