TN:
SF:babel.config.js
FNF:0
FNH:0
LF:0
LH:0
BRF:0
BRH:0
end_of_record
TN:
SF:controllers\authController.js
FN:5,(anonymous_0)
FN:53,(anonymous_1)
FNF:2
FNH:2
FNDA:3,(anonymous_0)
FNDA:4,(anonymous_1)
DA:5,1
DA:6,3
DA:7,3
DA:10,3
DA:14,2
DA:15,1
DA:22,1
DA:25,1
DA:38,1
DA:40,1
DA:49,1
DA:53,1
DA:54,4
DA:55,4
DA:58,4
DA:62,3
DA:63,1
DA:70,2
DA:72,2
DA:73,1
DA:80,1
DA:82,1
DA:95,1
LF:23
LH:23
BRDA:14,0,0,1
BRDA:14,0,1,1
BRDA:62,1,0,1
BRDA:62,1,1,2
BRDA:72,2,0,1
BRDA:72,2,1,1
BRF:6
BRH:6
end_of_record
TN:
SF:controllers\taskController.js
FN:3,(anonymous_0)
FN:26,(anonymous_1)
FN:50,(anonymous_2)
FN:95,(anonymous_3)
FNF:4
FNH:4
FNDA:2,(anonymous_0)
FNDA:3,(anonymous_1)
FNDA:5,(anonymous_2)
FNDA:4,(anonymous_3)
DA:3,1
DA:4,2
DA:5,2
DA:7,2
DA:16,1
DA:22,1
DA:26,1
DA:27,3
DA:28,3
DA:29,3
DA:31,3
DA:40,2
DA:46,1
DA:50,1
DA:51,5
DA:52,5
DA:53,5
DA:54,5
DA:57,5
DA:61,4
DA:62,1
DA:68,3
DA:69,1
DA:76,2
DA:85,2
DA:91,1
DA:95,1
DA:96,4
DA:97,4
DA:98,4
DA:101,4
DA:105,3
DA:106,1
DA:112,2
DA:113,1
DA:120,1
DA:124,1
DA:130,1
LF:38
LH:38
BRDA:34,0,0,3
BRDA:34,0,1,1
BRDA:35,1,0,3
BRDA:35,1,1,2
BRDA:61,2,0,1
BRDA:61,2,1,3
BRDA:68,3,0,1
BRDA:68,3,1,2
BRDA:79,4,0,2
BRDA:79,4,1,1
BRDA:80,5,0,2
BRDA:80,5,1,1
BRDA:80,6,0,1
BRDA:80,6,1,0
BRDA:81,7,0,2
BRDA:81,7,1,2
BRDA:105,8,0,1
BRDA:105,8,1,2
BRDA:112,9,0,1
BRDA:112,9,1,1
BRF:20
BRH:19
end_of_record
TN:
SF:middlewares\auth.js
FN:3,(anonymous_0)
FNF:1
FNH:1
FNDA:6,(anonymous_0)
DA:3,1
DA:4,6
DA:5,6
DA:7,6
DA:8,2
DA:14,4
DA:16,4
DA:17,2
DA:18,2
DA:21,2
LF:10
LH:10
BRDA:7,0,0,2
BRDA:7,0,1,4
BRDA:7,1,0,6
BRDA:7,1,1,5
BRDA:23,2,0,2
BRDA:23,2,1,0
BRF:6
BRH:5
end_of_record
TN:
SF:middlewares\errorHandler.js
FN:1,(anonymous_0)
FNF:1
FNH:0
FNDA:0,(anonymous_0)
DA:1,0
DA:2,0
DA:5,0
DA:6,0
DA:12,0
DA:13,0
DA:20,0
DA:21,0
DA:27,0
DA:28,0
DA:35,0
DA:36,0
DA:38,0
LF:13
LH:0
BRDA:5,0,0,0
BRDA:5,0,1,0
BRDA:12,1,0,0
BRDA:12,1,1,0
BRDA:20,2,0,0
BRDA:20,2,1,0
BRDA:27,3,0,0
BRDA:27,3,1,0
BRDA:35,4,0,0
BRDA:35,4,1,0
BRDA:36,5,0,0
BRDA:36,5,1,0
BRDA:41,6,0,0
BRDA:41,6,1,0
BRF:14
BRH:0
end_of_record
TN:
SF:routes\authRoutes.js
FNF:0
FNH:0
DA:6,1
DA:8,1
DA:9,1
LF:3
LH:3
BRF:0
BRH:0
end_of_record
TN:
SF:routes\taskRoutes.js
FNF:0
FNH:0
DA:12,1
DA:15,1
DA:17,1
DA:18,1
DA:19,1
DA:20,1
LF:6
LH:6
BRF:0
BRH:0
end_of_record
TN:
SF:utils\jwt.js
FN:9,(anonymous_0)
FN:15,(anonymous_1)
FNF:2
FNH:0
FNDA:0,(anonymous_0)
FNDA:0,(anonymous_1)
DA:4,0
DA:6,0
DA:7,0
DA:9,0
DA:10,0
DA:15,0
DA:16,0
DA:17,0
DA:19,0
LF:9
LH:0
BRF:0
BRH:0
end_of_record
TN:
SF:utils\prisma.js
FNF:0
FNH:0
DA:3,0
LF:1
LH:0
BRF:0
BRH:0
end_of_record
TN:
SF:utils\validation.js
FN:34,(anonymous_0)
FN:52,(anonymous_1)
FN:58,(anonymous_2)
FN:59,(anonymous_3)
FN:68,(anonymous_4)
FNF:5
FNH:2
FNDA:0,(anonymous_0)
FNDA:0,(anonymous_1)
FNDA:4,(anonymous_2)
FNDA:4,(anonymous_3)
FNDA:0,(anonymous_4)
DA:4,2
DA:16,2
DA:22,2
DA:34,0
DA:39,2
DA:52,0
DA:58,2
DA:59,4
DA:60,4
DA:61,4
DA:62,4
DA:64,0
DA:65,0
DA:68,0
DA:74,0
LF:15
LH:9
BRDA:64,0,0,0
BRDA:64,0,1,0
BRF:2
BRH:0
end_of_record
